# JRE version: OpenJDK Runtime Environment (23.0.1+11) (build 23.0.1+11-39)
# Java VM: OpenJDK 64-Bit Server VM (23.0.1+11-39, mixed mode, sharing, tiered, compressed oops, compressed class ptrs, g1 gc, windows-amd64)
GC Precious Log:
 CardTable entry size: 512
 Card Set container configuration: InlinePtr #cards 5 size 8 Array Of Cards #cards 10 size 36 Howl #buckets 4 coarsen threshold 1843 Howl Bitmap #cards 512 size 80 coarsen threshold 460 Card regions per heap region 1 cards per card region 2048
 CPUs: 4 total, 4 available
 Memory: 3880M
 Large Page Support: Disabled
 NUMA Support: Disabled
 Compressed Oops: Enabled (32-bit)
 Heap Region Size: 1M
 Heap Min Capacity: 8M
 Heap Initial Capacity: 62M
 Heap Max Capacity: 972M
 Pre-touch: Disabled
 Parallel Workers: 4
 Concurrent Workers: 1
 Concurrent Refinement Workers: 4
 Periodic GC: Disabled
Heap:
 garbage-first heap   total reserved 995328K, committed 50176K, used 41955K [0x00000000c3400000, 0x0000000100000000)
  region size 1024K, 14 young (14336K), 2 survivors (2048K)
 Metaspace       used 70102K, committed 70784K, reserved 1114112K
  class space    used 9788K, committed 10112K, reserved 1048576K
GC Heap History (20 events):
Event: 12.328 GC heap before
{Heap before GC invocations=8 (full 0):
 garbage-first heap   total reserved 995328K, committed 48128K, used 36110K [0x00000000c3400000, 0x0000000100000000)
  region size 1024K, 21 young (21504K), 3 survivors (3072K)
 Metaspace       used 34186K, committed 34752K, reserved 1114112K
  class space    used 4419K, committed 4672K, reserved 1048576K
}
Event: 12.333 GC heap after
{Heap after GC invocations=9 (full 0):
 garbage-first heap   total reserved 995328K, committed 48128K, used 20218K [0x00000000c3400000, 0x0000000100000000)
  region size 1024K, 2 young (2048K), 2 survivors (2048K)
 Metaspace       used 34186K, committed 34752K, reserved 1114112K
  class space    used 4419K, committed 4672K, reserved 1048576K
}
Event: 12.532 GC heap before
{Heap before GC invocations=9 (full 0):
 garbage-first heap   total reserved 995328K, committed 48128K, used 23290K [0x00000000c3400000, 0x0000000100000000)
  region size 1024K, 6 young (6144K), 2 survivors (2048K)
 Metaspace       used 35422K, committed 35968K, reserved 1114112K
  class space    used 4593K, committed 4864K, reserved 1048576K
}
Event: 12.535 GC heap after
{Heap after GC invocations=10 (full 0):
 garbage-first heap   total reserved 995328K, committed 48128K, used 20234K [0x00000000c3400000, 0x0000000100000000)
  region size 1024K, 2 young (2048K), 2 survivors (2048K)
 Metaspace       used 35422K, committed 35968K, reserved 1114112K
  class space    used 4593K, committed 4864K, reserved 1048576K
}
Event: 13.394 GC heap before
{Heap before GC invocations=11 (full 0):
 garbage-first heap   total reserved 995328K, committed 48128K, used 39690K [0x00000000c3400000, 0x0000000100000000)
  region size 1024K, 21 young (21504K), 2 survivors (2048K)
 Metaspace       used 39547K, committed 40128K, reserved 1114112K
  class space    used 5453K, committed 5696K, reserved 1048576K
}
Event: 13.399 GC heap after
{Heap after GC invocations=12 (full 0):
 garbage-first heap   total reserved 995328K, committed 48128K, used 21721K [0x00000000c3400000, 0x0000000100000000)
  region size 1024K, 3 young (3072K), 3 survivors (3072K)
 Metaspace       used 39547K, committed 40128K, reserved 1114112K
  class space    used 5453K, committed 5696K, reserved 1048576K
}
Event: 14.883 GC heap before
{Heap before GC invocations=12 (full 0):
 garbage-first heap   total reserved 995328K, committed 48128K, used 40153K [0x00000000c3400000, 0x0000000100000000)
  region size 1024K, 21 young (21504K), 3 survivors (3072K)
 Metaspace       used 48522K, committed 49152K, reserved 1114112K
  class space    used 6577K, committed 6848K, reserved 1048576K
}
Event: 14.891 GC heap after
{Heap after GC invocations=13 (full 0):
 garbage-first heap   total reserved 995328K, committed 48128K, used 23867K [0x00000000c3400000, 0x0000000100000000)
  region size 1024K, 3 young (3072K), 3 survivors (3072K)
 Metaspace       used 48522K, committed 49152K, reserved 1114112K
  class space    used 6577K, committed 6848K, reserved 1048576K
}
Event: 16.017 GC heap before
{Heap before GC invocations=13 (full 0):
 garbage-first heap   total reserved 995328K, committed 48128K, used 40251K [0x00000000c3400000, 0x0000000100000000)
  region size 1024K, 20 young (20480K), 3 survivors (3072K)
 Metaspace       used 52642K, committed 53248K, reserved 1114112K
  class space    used 7078K, committed 7360K, reserved 1048576K
}
Event: 16.027 GC heap after
{Heap after GC invocations=14 (full 0):
 garbage-first heap   total reserved 995328K, committed 48128K, used 25710K [0x00000000c3400000, 0x0000000100000000)
  region size 1024K, 2 young (2048K), 2 survivors (2048K)
 Metaspace       used 52642K, committed 53248K, reserved 1114112K
  class space    used 7078K, committed 7360K, reserved 1048576K
}
Event: 16.579 GC heap before
{Heap before GC invocations=14 (full 0):
 garbage-first heap   total reserved 995328K, committed 48128K, used 41070K [0x00000000c3400000, 0x0000000100000000)
  region size 1024K, 18 young (18432K), 2 survivors (2048K)
 Metaspace       used 57994K, committed 58560K, reserved 1114112K
  class space    used 7882K, committed 8128K, reserved 1048576K
}
Event: 16.583 GC heap after
{Heap after GC invocations=15 (full 0):
 garbage-first heap   total reserved 995328K, committed 48128K, used 26169K [0x00000000c3400000, 0x0000000100000000)
  region size 1024K, 2 young (2048K), 2 survivors (2048K)
 Metaspace       used 57994K, committed 58560K, reserved 1114112K
  class space    used 7882K, committed 8128K, reserved 1048576K
}
Event: 17.104 GC heap before
{Heap before GC invocations=16 (full 0):
 garbage-first heap   total reserved 995328K, committed 48128K, used 42553K [0x00000000c3400000, 0x0000000100000000)
  region size 1024K, 18 young (18432K), 2 survivors (2048K)
 Metaspace       used 61043K, committed 61696K, reserved 1114112K
  class space    used 8420K, committed 8704K, reserved 1048576K
}
Event: 17.108 GC heap after
{Heap after GC invocations=17 (full 0):
 garbage-first heap   total reserved 995328K, committed 48128K, used 26850K [0x00000000c3400000, 0x0000000100000000)
  region size 1024K, 2 young (2048K), 2 survivors (2048K)
 Metaspace       used 61043K, committed 61696K, reserved 1114112K
  class space    used 8420K, committed 8704K, reserved 1048576K
}
Event: 17.847 GC heap before
{Heap before GC invocations=17 (full 0):
 garbage-first heap   total reserved 995328K, committed 48128K, used 41186K [0x00000000c3400000, 0x0000000100000000)
  region size 1024K, 17 young (17408K), 2 survivors (2048K)
 Metaspace       used 65264K, committed 65920K, reserved 1114112K
  class space    used 9074K, committed 9344K, reserved 1048576K
}
Event: 17.853 GC heap after
{Heap after GC invocations=18 (full 0):
 garbage-first heap   total reserved 995328K, committed 48128K, used 28026K [0x00000000c3400000, 0x0000000100000000)
  region size 1024K, 3 young (3072K), 3 survivors (3072K)
 Metaspace       used 65264K, committed 65920K, reserved 1114112K
  class space    used 9074K, committed 9344K, reserved 1048576K
}
Event: 18.553 GC heap before
{Heap before GC invocations=18 (full 0):
 garbage-first heap   total reserved 995328K, committed 48128K, used 41338K [0x00000000c3400000, 0x0000000100000000)
  region size 1024K, 16 young (16384K), 3 survivors (3072K)
 Metaspace       used 66968K, committed 67584K, reserved 1114112K
  class space    used 9326K, committed 9600K, reserved 1048576K
}
Event: 18.559 GC heap after
{Heap after GC invocations=19 (full 0):
 garbage-first heap   total reserved 995328K, committed 48128K, used 29206K [0x00000000c3400000, 0x0000000100000000)
  region size 1024K, 2 young (2048K), 2 survivors (2048K)
 Metaspace       used 66968K, committed 67584K, reserved 1114112K
  class space    used 9326K, committed 9600K, reserved 1048576K
}
Event: 19.024 GC heap before
{Heap before GC invocations=20 (full 0):
 garbage-first heap   total reserved 995328K, committed 50176K, used 42518K [0x00000000c3400000, 0x0000000100000000)
  region size 1024K, 15 young (15360K), 2 survivors (2048K)
 Metaspace       used 68631K, committed 69312K, reserved 1114112K
  class space    used 9582K, committed 9856K, reserved 1048576K
}
Event: 19.029 GC heap after
{Heap after GC invocations=21 (full 0):
 garbage-first heap   total reserved 995328K, committed 50176K, used 30691K [0x00000000c3400000, 0x0000000100000000)
  region size 1024K, 2 young (2048K), 2 survivors (2048K)
 Metaspace       used 68631K, committed 69312K, reserved 1114112K
  class space    used 9582K, committed 9856K, reserved 1048576K
}

